<?xml version="1.0" encoding="UTF-8"?>
<!-- Generated by org.testng.reporters.JUnitXMLReporter -->
<testsuite ignored="9" hostname="L-INE-8LM8V93" failures="1" tests="9" name="Test" time="32.147" errors="0" timestamp="07 Nov 2023 04:41:29 GMT">
  <testcase classname="Test.pdfread" name="PDFread1" time="0.845">
    <failure type="java.io.FileNotFoundException" message="https://file-examples.com/storage/feaade38c1651bd01984236/2017/10/file-sample_150kB.pdf">
      <![CDATA[java.io.FileNotFoundException: https://file-examples.com/storage/feaade38c1651bd01984236/2017/10/file-sample_150kB.pdf
at java.base/sun.net.www.protocol.http.HttpURLConnection.getInputStream0(HttpURLConnection.java:1996)
at java.base/sun.net.www.protocol.http.HttpURLConnection.getInputStream(HttpURLConnection.java:1589)
at java.base/sun.net.www.protocol.https.HttpsURLConnectionImpl.getInputStream(HttpsURLConnectionImpl.java:224)
at java.base/java.net.URL.openStream(URL.java:1161)
at Test.pdfread.PDFread1(pdfread.java:23)
... Removed 25 stack frames]]>
    </failure>
  </testcase> <!-- PDFread1 -->
  <testcase classname="Test.pdfread" name="PDFread2" time="0.597"/>
  <testcase classname="Test.webtable" name="webtable" time="4.21"/>
  <testcase classname="Test.webtable" name="webtable1" time="2.319"/>
  <testcase classname="Test.Datepickernew" name="Testcase2" time="4.954"/>
  <testcase classname="Test.Datepickernew" name="Testcase3" time="0.965"/>
  <testcase classname="Test.Datepickernew" name="testcase1" time="15.951"/>
  <testcase classname="Test.excelread" name="Excelwrite1" time="0.679"/>
  <testcase classname="Test.excelread" name="read1" time="0.039"/>
  <testcase classname="Test.Baseclass" name="@AfterTest tearnew" time="0.0">
    <ignored/>
  </testcase> <!-- @AfterTest tearnew -->
  <testcase classname="Test.Baseclass" name="@AfterTest tearnew" time="0.0">
    <ignored/>
  </testcase> <!-- @AfterTest tearnew -->
  <testcase classname="Test.Baseclass" name="@AfterTest tearnew" time="0.0">
    <ignored/>
  </testcase> <!-- @AfterTest tearnew -->
  <testcase classname="Test.Baseclass" name="@AfterSuite tear" time="0.0">
    <ignored/>
  </testcase> <!-- @AfterSuite tear -->
  <testcase classname="Test.Baseclass" name="@AfterSuite tear" time="0.0">
    <ignored/>
  </testcase> <!-- @AfterSuite tear -->
  <testcase classname="Test.Baseclass" name="@AfterSuite tear" time="0.0">
    <ignored/>
  </testcase> <!-- @AfterSuite tear -->
  <testcase classname="Test.Baseclass" name="@BeforeSuite setup" time="0.0">
    <ignored/>
  </testcase> <!-- @BeforeSuite setup -->
  <testcase classname="Test.Baseclass" name="@BeforeSuite setup" time="0.0">
    <ignored/>
  </testcase> <!-- @BeforeSuite setup -->
  <testcase classname="Test.Baseclass" name="@BeforeSuite setup" time="0.0">
    <ignored/>
  </testcase> <!-- @BeforeSuite setup -->
</testsuite> <!-- Test -->
